<?xml version="1.0" encoding="UTF-8"?>
<!-- Generated by org.testng.reporters.JUnitReportReporter -->
<testsuite skipped="0" hostname="LAPTOP-2EO9IL1O" name="runners.AutomationPractiseTestRunner" tests="1" failures="0" timestamp="2021-09-29T08:35:32 IST" time="54.130" errors="0">
  <testcase name="runScenario" time="54.130" classname="runners.AutomationPractiseTestRunner"/>
  <system-out/>
</testsuite> <!-- runners.AutomationPractiseTestRunner -->
